Replace Part C1 C in C:\Users\noahh_000\ownCloud\Elektronik\Swiss Skills\3 SwissSkills Bern\1_uC\PLUGALL_uC_Board\LevelConverter.SchDoc with C from Schlib1.SchLib
Replace Part C2 C in C:\Users\noahh_000\ownCloud\Elektronik\Swiss Skills\3 SwissSkills Bern\1_uC\PLUGALL_uC_Board\LevelConverter.SchDoc with C from Schlib1.SchLib
Replace Part C13 C in C:\Users\noahh_000\ownCloud\Elektronik\Swiss Skills\3 SwissSkills Bern\1_uC\PLUGALL_uC_Board\LevelConverter.SchDoc with C from Schlib1.SchLib
Replace Part C14 C in C:\Users\noahh_000\ownCloud\Elektronik\Swiss Skills\3 SwissSkills Bern\1_uC\PLUGALL_uC_Board\LevelConverter.SchDoc with C from Schlib1.SchLib
Replace Part C15 C in C:\Users\noahh_000\ownCloud\Elektronik\Swiss Skills\3 SwissSkills Bern\1_uC\PLUGALL_uC_Board\LevelConverter.SchDoc with C from Schlib1.SchLib
Replace Part C16 C in C:\Users\noahh_000\ownCloud\Elektronik\Swiss Skills\3 SwissSkills Bern\1_uC\PLUGALL_uC_Board\LevelConverter.SchDoc with C from Schlib1.SchLib
Replace Part R5 RES_EU in C:\Users\noahh_000\ownCloud\Elektronik\Swiss Skills\3 SwissSkills Bern\1_uC\PLUGALL_uC_Board\LevelConverter.SchDoc with RES_EU from Schlib1.SchLib
Replace Part R6 RES_EU in C:\Users\noahh_000\ownCloud\Elektronik\Swiss Skills\3 SwissSkills Bern\1_uC\PLUGALL_uC_Board\LevelConverter.SchDoc with RES_EU from Schlib1.SchLib
Replace Part R7 RES_EU in C:\Users\noahh_000\ownCloud\Elektronik\Swiss Skills\3 SwissSkills Bern\1_uC\PLUGALL_uC_Board\LevelConverter.SchDoc with RES_EU from Schlib1.SchLib
Replace Part R8 RES_EU in C:\Users\noahh_000\ownCloud\Elektronik\Swiss Skills\3 SwissSkills Bern\1_uC\PLUGALL_uC_Board\LevelConverter.SchDoc with RES_EU from Schlib1.SchLib
Replace Part R9 RES_EU in C:\Users\noahh_000\ownCloud\Elektronik\Swiss Skills\3 SwissSkills Bern\1_uC\PLUGALL_uC_Board\LevelConverter.SchDoc with RES_EU from Schlib1.SchLib
Replace Part R10 RES_EU in C:\Users\noahh_000\ownCloud\Elektronik\Swiss Skills\3 SwissSkills Bern\1_uC\PLUGALL_uC_Board\LevelConverter.SchDoc with RES_EU from Schlib1.SchLib
Replace Part R11 RES_EU in C:\Users\noahh_000\ownCloud\Elektronik\Swiss Skills\3 SwissSkills Bern\1_uC\PLUGALL_uC_Board\LevelConverter.SchDoc with RES_EU from Schlib1.SchLib
Replace Part R12 RES_EU in C:\Users\noahh_000\ownCloud\Elektronik\Swiss Skills\3 SwissSkills Bern\1_uC\PLUGALL_uC_Board\LevelConverter.SchDoc with RES_EU from Schlib1.SchLib
Replace Part R13 RES_EU in C:\Users\noahh_000\ownCloud\Elektronik\Swiss Skills\3 SwissSkills Bern\1_uC\PLUGALL_uC_Board\LevelConverter.SchDoc with RES_EU from Schlib1.SchLib
Replace Part R14 RES_EU in C:\Users\noahh_000\ownCloud\Elektronik\Swiss Skills\3 SwissSkills Bern\1_uC\PLUGALL_uC_Board\LevelConverter.SchDoc with RES_EU from Schlib1.SchLib
Replace Part R15 RES_EU in C:\Users\noahh_000\ownCloud\Elektronik\Swiss Skills\3 SwissSkills Bern\1_uC\PLUGALL_uC_Board\LevelConverter.SchDoc with RES_EU from Schlib1.SchLib
Replace Part R16 RES_EU in C:\Users\noahh_000\ownCloud\Elektronik\Swiss Skills\3 SwissSkills Bern\1_uC\PLUGALL_uC_Board\LevelConverter.SchDoc with RES_EU from Schlib1.SchLib
Replace Part U2 74LVX3245 in C:\Users\noahh_000\ownCloud\Elektronik\Swiss Skills\3 SwissSkills Bern\1_uC\PLUGALL_uC_Board\LevelConverter.SchDoc with 74LVX3245 from Schlib1.SchLib
Replace Part U3 74LVX3245 in C:\Users\noahh_000\ownCloud\Elektronik\Swiss Skills\3 SwissSkills Bern\1_uC\PLUGALL_uC_Board\LevelConverter.SchDoc with 74LVX3245 from Schlib1.SchLib
Replace Part U6 SN74LV1T34 in C:\Users\noahh_000\ownCloud\Elektronik\Swiss Skills\3 SwissSkills Bern\1_uC\PLUGALL_uC_Board\LevelConverter.SchDoc with SN74LV1T34 from Schlib1.SchLib
Replace Part U6 SN74LV1T34 in C:\Users\noahh_000\ownCloud\Elektronik\Swiss Skills\3 SwissSkills Bern\1_uC\PLUGALL_uC_Board\LevelConverter.SchDoc with SN74LV1T34 from Schlib1.SchLib
Replace Part U7 SN74LV1T34 in C:\Users\noahh_000\ownCloud\Elektronik\Swiss Skills\3 SwissSkills Bern\1_uC\PLUGALL_uC_Board\LevelConverter.SchDoc with SN74LV1T34 from Schlib1.SchLib
Replace Part U7 SN74LV1T34 in C:\Users\noahh_000\ownCloud\Elektronik\Swiss Skills\3 SwissSkills Bern\1_uC\PLUGALL_uC_Board\LevelConverter.SchDoc with SN74LV1T34 from Schlib1.SchLib
Replace Part U8 SN74LV1T34 in C:\Users\noahh_000\ownCloud\Elektronik\Swiss Skills\3 SwissSkills Bern\1_uC\PLUGALL_uC_Board\LevelConverter.SchDoc with SN74LV1T34 from Schlib1.SchLib
Replace Part U8 SN74LV1T34 in C:\Users\noahh_000\ownCloud\Elektronik\Swiss Skills\3 SwissSkills Bern\1_uC\PLUGALL_uC_Board\LevelConverter.SchDoc with SN74LV1T34 from Schlib1.SchLib
Replace Part V1 MOSFET-N in C:\Users\noahh_000\ownCloud\Elektronik\Swiss Skills\3 SwissSkills Bern\1_uC\PLUGALL_uC_Board\LevelConverter.SchDoc with MOSFET-N from Schlib1.SchLib
Replace Part V2 MOSFET-N in C:\Users\noahh_000\ownCloud\Elektronik\Swiss Skills\3 SwissSkills Bern\1_uC\PLUGALL_uC_Board\LevelConverter.SchDoc with MOSFET-N from Schlib1.SchLib
Replace Part X1 PLUGALL_Bus_Con in C:\Users\noahh_000\ownCloud\Elektronik\Swiss Skills\3 SwissSkills Bern\1_uC\PLUGALL_uC_Board\LevelConverter.SchDoc with PLUGALL_Bus_Con from Schlib1.SchLib
