Change Physical Footprint: Designator=C1 Old Footprint=0805 New Footprint=0805
Change Physical Footprint: Designator=C2 Old Footprint=0805 New Footprint=0805
Change Physical Footprint: Designator=C3 Old Footprint=0805 New Footprint=0805
Change Physical Footprint: Designator=C4 Old Footprint=0805 New Footprint=0805
Change Physical Footprint: Designator=C5 Old Footprint=0805 New Footprint=0805
Change Physical Footprint: Designator=C6 Old Footprint=0805 New Footprint=0805
Change Physical Footprint: Designator=C7 Old Footprint=0805 New Footprint=0805
Change Physical Footprint: Designator=C8 Old Footprint=0805 New Footprint=0805
Change Physical Footprint: Designator=C9 Old Footprint=0805 New Footprint=0805
Change Physical Footprint: Designator=C10 Old Footprint=0805 New Footprint=0805
Change Physical Footprint: Designator=C11 Old Footprint=0805 New Footprint=0805
Change Physical Footprint: Designator=C12 Old Footprint=0805 New Footprint=0805
Change Physical Footprint: Designator=C13 Old Footprint=0805 New Footprint=0805
Change Physical Footprint: Designator=C14 Old Footprint=0805 New Footprint=0805
Change Physical Footprint: Designator=C15 Old Footprint=0805 New Footprint=0805
Change Physical Footprint: Designator=C16 Old Footprint=0805 New Footprint=0805
Change Physical Footprint: Designator=D1 Old Footprint=D_0603 New Footprint=D_0603
Change Physical Footprint: Designator=D4 Old Footprint=D_0603 New Footprint=D_0603
Change Physical Footprint: Designator=D5 Old Footprint=D_0603 New Footprint=D_0603
Change Physical Footprint: Designator=R1 Old Footprint=R_0603 New Footprint=R_0603
Change Physical Footprint: Designator=R2 Old Footprint=R_0603 New Footprint=R_0603
Change Physical Footprint: Designator=R3 Old Footprint=R_0603 New Footprint=R_0603
Change Physical Footprint: Designator=R4 Old Footprint=R_0603 New Footprint=R_0603
Change Physical Footprint: Designator=R5 Old Footprint=R_0603 New Footprint=R_0603
Change Physical Footprint: Designator=R6 Old Footprint=R_0603 New Footprint=R_0603
Change Physical Footprint: Designator=R7 Old Footprint=R_0603 New Footprint=R_0603
Change Physical Footprint: Designator=R8 Old Footprint=R_0603 New Footprint=R_0603
Change Physical Footprint: Designator=R9 Old Footprint=R_0603 New Footprint=R_0603
Change Physical Footprint: Designator=R10 Old Footprint=R_0603 New Footprint=R_0603
Change Physical Footprint: Designator=R11 Old Footprint=R_0603 New Footprint=R_0603
Change Physical Footprint: Designator=R12 Old Footprint=R_0603 New Footprint=R_0603
Change Physical Footprint: Designator=R13 Old Footprint=R_0603 New Footprint=R_0603
Change Physical Footprint: Designator=R14 Old Footprint=R_0603 New Footprint=R_0603
Change Physical Footprint: Designator=R15 Old Footprint=R_0603 New Footprint=R_0603
Change Physical Footprint: Designator=R16 Old Footprint=R_0603 New Footprint=R_0603
Change Physical Footprint: Designator=R18 Old Footprint=R_0603 New Footprint=R_0603
Change Physical Footprint: Designator=R19 Old Footprint=R_0603 New Footprint=R_0603
Change Physical Footprint: Designator=S1 Old Footprint=SW_4x4x1.5 New Footprint=SW_4x4x1.5
Change Physical Footprint: Designator=U1 Old Footprint=STM-LQFP64_V New Footprint=STM-LQFP64_V
Change Physical Footprint: Designator=U2 Old Footprint=TSSOP24 New Footprint=TSSOP24
Change Physical Footprint: Designator=U3 Old Footprint=TSSOP24 New Footprint=TSSOP24
Change Physical Footprint: Designator=U4 Old Footprint=SOT-223 New Footprint=SOT-223
Change Physical Footprint: Designator=U5 Old Footprint=SOT-23 New Footprint=SOT-23
Change Physical Footprint: Designator=U6 Old Footprint=DCK New Footprint=DCK
Change Physical Footprint: Designator=U7 Old Footprint=DCK New Footprint=DCK
Change Physical Footprint: Designator=U8 Old Footprint=DCK New Footprint=DCK
Change Physical Footprint: Designator=V1 Old Footprint=SOT-23 New Footprint=SOT-23
Change Physical Footprint: Designator=V2 Old Footprint=SOT-23 New Footprint=SOT-23
Change Physical Footprint: Designator=X1 Old Footprint=CON14X2 New Footprint=CON14X2
Change Physical Footprint: Designator=X2 Old Footprint=2MM_BANANA New Footprint=2MM_BANANA
Change Physical Footprint: Designator=X3 Old Footprint=2MM_BANANA New Footprint=2MM_BANANA
Change Physical Footprint: Designator=X4 Old Footprint=2MM_BANANA New Footprint=2MM_BANANA
Change Physical Footprint: Designator=X5 Old Footprint=2MM_BANANA New Footprint=2MM_BANANA
Change Physical Footprint: Designator=X6 Old Footprint=HDR1X5H New Footprint=HDR1X5H
Change Physical Footprint: Designator=X7 Old Footprint=4448.0054 New Footprint=4448.0054
