Removed Pin From Net: NetName=GND Pin=U1-12
Removed Pin From Net: NetName=NetU1_13 Pin=U1-19
Removed Pin From Net: NetName=GND Pin=U1-31
Removed Pin From Net: NetName=GND Pin=U1-33
Removed Pin From Net: NetName=NetU1_13 Pin=U1-64
Removed Pin From Net: NetName=NetU1_13 Pin=X1-1
Removed Pin From Net: NetName=NetU1_13 Pin=X1-2
Removed Member From Class: ClassName=ARM Member=X1
Change Component Comment : Designator=X3 Old Comment=+12V New Comment=Socket_2mm
Change Component Comment : Designator=X4 Old Comment=-5V New Comment=Socket_2mm
Change Component Comment : Designator=X2 Old Comment=GND New Comment=Socket_2mm
Change Component Comment : Designator=X1 Old Comment=VCC New Comment=Socket_2mm
Added Component: Designator=U?(TSSOP24)
Added Component: Designator=X1(CON14X2)
Added Pin To Net: NetName=GND Pin=U?-11
Added Pin To Net: NetName=GND Pin=U?-12
Added Pin To Net: NetName=GND Pin=U?-13
Added Pin To Net: NetName=+12V Pin=X3-1
Added Pin To Net: NetName=+12V Pin=X3-2
Added Net: Name=+12V
Added Pin To Net: NetName=-5V Pin=X4-1
Added Pin To Net: NetName=-5V Pin=X4-2
Added Net: Name=-5V
Added Pin To Net: NetName=D0_3V3 Pin=U?-3
Added Net: Name=D0_3V3
Added Pin To Net: NetName=D1_3V3 Pin=U?-4
Added Net: Name=D1_3V3
Added Pin To Net: NetName=D2_3V3 Pin=U?-5
Added Net: Name=D2_3V3
Added Pin To Net: NetName=D3_3V3 Pin=U?-6
Added Net: Name=D3_3V3
Added Pin To Net: NetName=D4_3V3 Pin=U?-7
Added Net: Name=D4_3V3
Added Pin To Net: NetName=D5_3V3 Pin=U?-8
Added Net: Name=D5_3V3
Added Pin To Net: NetName=D6_3V3 Pin=U?-9
Added Net: Name=D6_3V3
Added Pin To Net: NetName=D7_3V3 Pin=U?-10
Added Net: Name=D7_3V3
Added Pin To Net: NetName=DATA_TR Pin=U?-2
Added Net: Name=DATA_TR
Added Pin To Net: NetName=NetU?_14 Pin=U?-14
Added Pin To Net: NetName=NetU?_14 Pin=X1-28
Added Net: Name=NetU?_14
Added Pin To Net: NetName=NetU?_15 Pin=U?-15
Added Pin To Net: NetName=NetU?_15 Pin=X1-26
Added Net: Name=NetU?_15
Added Pin To Net: NetName=NetU?_16 Pin=U?-16
Added Pin To Net: NetName=NetU?_16 Pin=X1-24
Added Net: Name=NetU?_16
Added Pin To Net: NetName=NetU?_17 Pin=U?-17
Added Pin To Net: NetName=NetU?_17 Pin=X1-22
Added Net: Name=NetU?_17
Added Pin To Net: NetName=NetU?_18 Pin=U?-18
Added Pin To Net: NetName=NetU?_18 Pin=X1-20
Added Net: Name=NetU?_18
Added Pin To Net: NetName=NetU?_19 Pin=U?-19
Added Pin To Net: NetName=NetU?_19 Pin=X1-18
Added Net: Name=NetU?_19
Added Pin To Net: NetName=NetU?_20 Pin=U?-20
Added Pin To Net: NetName=NetU?_20 Pin=X1-16
Added Net: Name=NetU?_20
Added Pin To Net: NetName=NetU?_21 Pin=U?-21
Added Pin To Net: NetName=NetU?_21 Pin=X1-14
Added Net: Name=NetU?_21
Added Pin To Net: NetName=VCC Pin=U?-24
Added Pin To Net: NetName=VCC Pin=X1-1
Added Pin To Net: NetName=VCC Pin=X1-2
Added Net: Name=VCC
Added Class: Name=LevelConverter
Added Class: Name=DATA[0..8]
Added Room: Name=LevelConverter
