Removed Member From Class: ClassName=Power Member=X1
Change Component Designator: OldDesignator=C? NewDesignator=C3
Change Component Designator: OldDesignator=C? NewDesignator=C4
Change Component Designator: OldDesignator=C? NewDesignator=C5
Change Component Designator: OldDesignator=C? NewDesignator=C6
Change Component Designator: OldDesignator=C? NewDesignator=C7
Change Component Designator: OldDesignator=C? NewDesignator=C8
Change Component Designator: OldDesignator=C? NewDesignator=C9
Change Component Designator: OldDesignator=C? NewDesignator=C10
Change Component Designator: OldDesignator=C? NewDesignator=C11
Change Component Designator: OldDesignator=C? NewDesignator=C12
Change Component Designator: OldDesignator=U2 NewDesignator=U3
Change Component Designator: OldDesignator=U3 NewDesignator=U2
Change Component Designator: OldDesignator=U? NewDesignator=U4
Change Component Designator: OldDesignator=U? NewDesignator=U5
Change Component Designator: OldDesignator=X1 NewDesignator=X2
Change Component Designator: OldDesignator=X2 NewDesignator=X3
Change Component Designator: OldDesignator=X3 NewDesignator=X4
Change Component Designator: OldDesignator=X4 NewDesignator=X5
Change Net Name : Old Net Name=NetC?_2 New Net Name=NetC5_2
Added Member To Class: ClassName=Power Member=Component C3 C
Added Member To Class: ClassName=Power Member=Component C4 C
Added Member To Class: ClassName=Power Member=Component C6 C
Added Member To Class: ClassName=Power Member=Component C7 C
Added Member To Class: ClassName=Power Member=Component C8 C
Added Member To Class: ClassName=Power Member=Component C9 C
Added Member To Class: ClassName=Power Member=Component C10 C
Added Member To Class: ClassName=Power Member=Component C11 C
Added Member To Class: ClassName=Power Member=Component C12 C
Added Member To Class: ClassName=Power Member=Component U4 LM3940IMP-3.3
Added Member To Class: ClassName=Power Member=Component X5 Socket_2mm
