Replace Part C3 C in C:\Users\noahh_000\ownCloud\Elektronik\Swiss Skills\3 SwissSkills Bern\1_uC\PLUGALL_uC_Board\Power.SchDoc with C from Schlib1.SchLib
Replace Part C4 C in C:\Users\noahh_000\ownCloud\Elektronik\Swiss Skills\3 SwissSkills Bern\1_uC\PLUGALL_uC_Board\Power.SchDoc with C from Schlib1.SchLib
Replace Part C5 C in C:\Users\noahh_000\ownCloud\Elektronik\Swiss Skills\3 SwissSkills Bern\1_uC\PLUGALL_uC_Board\Power.SchDoc with C from Schlib1.SchLib
Replace Part C6 C in C:\Users\noahh_000\ownCloud\Elektronik\Swiss Skills\3 SwissSkills Bern\1_uC\PLUGALL_uC_Board\Power.SchDoc with C from Schlib1.SchLib
Replace Part C7 C in C:\Users\noahh_000\ownCloud\Elektronik\Swiss Skills\3 SwissSkills Bern\1_uC\PLUGALL_uC_Board\Power.SchDoc with C from Schlib1.SchLib
Replace Part C8 C in C:\Users\noahh_000\ownCloud\Elektronik\Swiss Skills\3 SwissSkills Bern\1_uC\PLUGALL_uC_Board\Power.SchDoc with C from Schlib1.SchLib
Replace Part C9 C in C:\Users\noahh_000\ownCloud\Elektronik\Swiss Skills\3 SwissSkills Bern\1_uC\PLUGALL_uC_Board\Power.SchDoc with C from Schlib1.SchLib
Replace Part C10 C in C:\Users\noahh_000\ownCloud\Elektronik\Swiss Skills\3 SwissSkills Bern\1_uC\PLUGALL_uC_Board\Power.SchDoc with C from Schlib1.SchLib
Replace Part C11 C in C:\Users\noahh_000\ownCloud\Elektronik\Swiss Skills\3 SwissSkills Bern\1_uC\PLUGALL_uC_Board\Power.SchDoc with C from Schlib1.SchLib
Replace Part C12 C in C:\Users\noahh_000\ownCloud\Elektronik\Swiss Skills\3 SwissSkills Bern\1_uC\PLUGALL_uC_Board\Power.SchDoc with C from Schlib1.SchLib
Replace Part D1 LED in C:\Users\noahh_000\ownCloud\Elektronik\Swiss Skills\3 SwissSkills Bern\1_uC\PLUGALL_uC_Board\Power.SchDoc with LED from Schlib1.SchLib
Replace Part R2 RES_EU in C:\Users\noahh_000\ownCloud\Elektronik\Swiss Skills\3 SwissSkills Bern\1_uC\PLUGALL_uC_Board\Power.SchDoc with RES_EU from Schlib1.SchLib
Replace Part R3 RES_EU in C:\Users\noahh_000\ownCloud\Elektronik\Swiss Skills\3 SwissSkills Bern\1_uC\PLUGALL_uC_Board\Power.SchDoc with RES_EU from Schlib1.SchLib
Replace Part U1 MC-ARM-STM32F373-SQ64 in C:\Users\noahh_000\ownCloud\Elektronik\Swiss Skills\3 SwissSkills Bern\1_uC\PLUGALL_uC_Board\Power.SchDoc with MC-ARM-STM32F373-SQ64 from Altium Content Vault
Replace Part U4 LM3940IMP-3.3 in C:\Users\noahh_000\ownCloud\Elektronik\Swiss Skills\3 SwissSkills Bern\1_uC\PLUGALL_uC_Board\Power.SchDoc with LM3940IMP-3.3 from Schlib1.SchLib
Replace Part U5 V_REF in C:\Users\noahh_000\ownCloud\Elektronik\Swiss Skills\3 SwissSkills Bern\1_uC\PLUGALL_uC_Board\Power.SchDoc with V_REF from Schlib1.SchLib
Replace Part X2 Socket_2mm in C:\Users\noahh_000\ownCloud\Elektronik\Swiss Skills\3 SwissSkills Bern\1_uC\PLUGALL_uC_Board\Power.SchDoc with Socket_2mm from Schlib1.SchLib
Replace Part X3 Socket_2mm in C:\Users\noahh_000\ownCloud\Elektronik\Swiss Skills\3 SwissSkills Bern\1_uC\PLUGALL_uC_Board\Power.SchDoc with Socket_2mm from Schlib1.SchLib
Replace Part X4 Socket_2mm in C:\Users\noahh_000\ownCloud\Elektronik\Swiss Skills\3 SwissSkills Bern\1_uC\PLUGALL_uC_Board\Power.SchDoc with Socket_2mm from Schlib1.SchLib
Replace Part X5 Socket_2mm in C:\Users\noahh_000\ownCloud\Elektronik\Swiss Skills\3 SwissSkills Bern\1_uC\PLUGALL_uC_Board\Power.SchDoc with Socket_2mm from Schlib1.SchLib
